{"C:\\Users\\sato_\\Desktop\\promo\\server.js": {"path":"C:\\Users\\sato_\\Desktop\\promo\\server.js","statementMap":{"0":{"start":{"line":1,"column":14},"end":{"line":1,"column":32}},"1":{"start":{"line":2,"column":10},"end":{"line":2,"column":19}},"2":{"start":{"line":3,"column":17},"end":{"line":3,"column":39}},"3":{"start":{"line":4,"column":0},"end":{"line":4,"column":27}},"4":{"start":{"line":5,"column":11},"end":{"line":5,"column":26}},"5":{"start":{"line":6,"column":0},"end":{"line":6,"column":16}},"6":{"start":{"line":9,"column":0},"end":{"line":9,"column":66}},"7":{"start":{"line":10,"column":0},"end":{"line":10,"column":42}},"8":{"start":{"line":13,"column":11},"end":{"line":13,"column":44}},"9":{"start":{"line":26,"column":0},"end":{"line":26,"column":42}},"10":{"start":{"line":27,"column":0},"end":{"line":27,"column":42}},"11":{"start":{"line":28,"column":0},"end":{"line":28,"column":43}},"12":{"start":{"line":29,"column":0},"end":{"line":29,"column":43}},"13":{"start":{"line":30,"column":0},"end":{"line":30,"column":42}},"14":{"start":{"line":31,"column":0},"end":{"line":31,"column":40}},"15":{"start":{"line":35,"column":13},"end":{"line":41,"column":2}},"16":{"start":{"line":37,"column":13},"end":{"line":37,"column":37}},"17":{"start":{"line":38,"column":13},"end":{"line":38,"column":34}},"18":{"start":{"line":40,"column":2},"end":{"line":40,"column":58}},"19":{"start":{"line":44,"column":0},"end":{"line":44,"column":24}}},"fnMap":{"0":{"name":"(anonymous_0)","decl":{"start":{"line":35,"column":28},"end":{"line":35,"column":29}},"loc":{"start":{"line":35,"column":40},"end":{"line":41,"column":1}},"line":35}},"branchMap":{},"s":{"0":1,"1":1,"2":1,"3":1,"4":1,"5":1,"6":1,"7":1,"8":1,"9":1,"10":1,"11":1,"12":1,"13":1,"14":1,"15":1,"16":0,"17":0,"18":0,"19":1},"f":{"0":0},"b":{},"_coverageSchema":"43e27e138ebf9cfc5966b082cf9a028302ed4184","hash":"369036b12b863f8c7dc7739ac0f584ce5084705a"}
,"C:\\Users\\sato_\\Desktop\\promo\\src\\app\\model\\cliente.model.js": {"path":"C:\\Users\\sato_\\Desktop\\promo\\src\\app\\model\\cliente.model.js","statementMap":{"0":{"start":{"line":1,"column":0},"end":{"line":39,"column":1}},"1":{"start":{"line":2,"column":20},"end":{"line":35,"column":6}},"2":{"start":{"line":38,"column":4},"end":{"line":38,"column":19}}},"fnMap":{"0":{"name":"(anonymous_0)","decl":{"start":{"line":1,"column":17},"end":{"line":1,"column":18}},"loc":{"start":{"line":1,"column":43},"end":{"line":39,"column":1}},"line":1}},"branchMap":{},"s":{"0":1,"1":1,"2":1},"f":{"0":1},"b":{},"_coverageSchema":"43e27e138ebf9cfc5966b082cf9a028302ed4184","hash":"9058bc290a3063d73a96d57cf97f1c6bff150cd9"}
,"C:\\Users\\sato_\\Desktop\\promo\\src\\app\\model\\cupom.model.js": {"path":"C:\\Users\\sato_\\Desktop\\promo\\src\\app\\model\\cupom.model.js","statementMap":{"0":{"start":{"line":1,"column":0},"end":{"line":40,"column":1}},"1":{"start":{"line":2,"column":18},"end":{"line":33,"column":6}},"2":{"start":{"line":39,"column":4},"end":{"line":39,"column":17}}},"fnMap":{"0":{"name":"(anonymous_0)","decl":{"start":{"line":1,"column":17},"end":{"line":1,"column":18}},"loc":{"start":{"line":1,"column":43},"end":{"line":40,"column":1}},"line":1}},"branchMap":{},"s":{"0":1,"1":1,"2":1},"f":{"0":1},"b":{},"_coverageSchema":"43e27e138ebf9cfc5966b082cf9a028302ed4184","hash":"db1228f477bcdf98a7aaa185212693b74172b803"}
,"C:\\Users\\sato_\\Desktop\\promo\\src\\app\\model\\empresa.model.js": {"path":"C:\\Users\\sato_\\Desktop\\promo\\src\\app\\model\\empresa.model.js","statementMap":{"0":{"start":{"line":1,"column":0},"end":{"line":57,"column":1}},"1":{"start":{"line":2,"column":20},"end":{"line":51,"column":6}},"2":{"start":{"line":56,"column":4},"end":{"line":56,"column":19}}},"fnMap":{"0":{"name":"(anonymous_0)","decl":{"start":{"line":1,"column":17},"end":{"line":1,"column":18}},"loc":{"start":{"line":1,"column":43},"end":{"line":57,"column":1}},"line":1}},"branchMap":{},"s":{"0":1,"1":1,"2":1},"f":{"0":1},"b":{},"_coverageSchema":"43e27e138ebf9cfc5966b082cf9a028302ed4184","hash":"1a6331efcd44609ed2424624b823417db04a5481"}
,"C:\\Users\\sato_\\Desktop\\promo\\src\\app\\model\\promocao.model.js": {"path":"C:\\Users\\sato_\\Desktop\\promo\\src\\app\\model\\promocao.model.js","statementMap":{"0":{"start":{"line":1,"column":0},"end":{"line":44,"column":1}},"1":{"start":{"line":2,"column":21},"end":{"line":41,"column":6}},"2":{"start":{"line":43,"column":4},"end":{"line":43,"column":20}}},"fnMap":{"0":{"name":"(anonymous_0)","decl":{"start":{"line":1,"column":17},"end":{"line":1,"column":18}},"loc":{"start":{"line":1,"column":43},"end":{"line":44,"column":1}},"line":1}},"branchMap":{},"s":{"0":1,"1":1,"2":1},"f":{"0":1},"b":{},"_coverageSchema":"43e27e138ebf9cfc5966b082cf9a028302ed4184","hash":"00ec4a1a20a641b268094522a6e962272aa0c64a"}
,"C:\\Users\\sato_\\Desktop\\promo\\src\\app\\model\\segmento.model.js": {"path":"C:\\Users\\sato_\\Desktop\\promo\\src\\app\\model\\segmento.model.js","statementMap":{"0":{"start":{"line":1,"column":0},"end":{"line":18,"column":1}},"1":{"start":{"line":2,"column":21},"end":{"line":15,"column":6}},"2":{"start":{"line":17,"column":4},"end":{"line":17,"column":20}}},"fnMap":{"0":{"name":"(anonymous_0)","decl":{"start":{"line":1,"column":17},"end":{"line":1,"column":18}},"loc":{"start":{"line":1,"column":43},"end":{"line":18,"column":1}},"line":1}},"branchMap":{},"s":{"0":1,"1":1,"2":1},"f":{"0":1},"b":{},"_coverageSchema":"43e27e138ebf9cfc5966b082cf9a028302ed4184","hash":"e496f702a0bf733763a5ac0952f719217cba91e2"}
,"C:\\Users\\sato_\\Desktop\\promo\\src\\app\\model\\usuario.model.js": {"path":"C:\\Users\\sato_\\Desktop\\promo\\src\\app\\model\\usuario.model.js","statementMap":{"0":{"start":{"line":1,"column":0},"end":{"line":32,"column":1}},"1":{"start":{"line":2,"column":20},"end":{"line":29,"column":6}},"2":{"start":{"line":31,"column":4},"end":{"line":31,"column":19}}},"fnMap":{"0":{"name":"(anonymous_0)","decl":{"start":{"line":1,"column":17},"end":{"line":1,"column":18}},"loc":{"start":{"line":1,"column":43},"end":{"line":32,"column":1}},"line":1}},"branchMap":{},"s":{"0":1,"1":1,"2":1},"f":{"0":1},"b":{},"_coverageSchema":"43e27e138ebf9cfc5966b082cf9a028302ed4184","hash":"7dfa70ef8766ca128587d2c9fbf2a446077488a2"}
,"C:\\Users\\sato_\\Desktop\\promo\\src\\config\\db.config.js": {"path":"C:\\Users\\sato_\\Desktop\\promo\\src\\config\\db.config.js","statementMap":{"0":{"start":{"line":1,"column":12},"end":{"line":1,"column":31}},"1":{"start":{"line":3,"column":18},"end":{"line":3,"column":38}},"2":{"start":{"line":4,"column":18},"end":{"line":18,"column":2}},"3":{"start":{"line":20,"column":11},"end":{"line":20,"column":13}},"4":{"start":{"line":22,"column":0},"end":{"line":22,"column":25}},"5":{"start":{"line":23,"column":0},"end":{"line":23,"column":25}},"6":{"start":{"line":28,"column":1},"end":{"line":28,"column":75}},"7":{"start":{"line":29,"column":1},"end":{"line":29,"column":75}},"8":{"start":{"line":30,"column":1},"end":{"line":30,"column":77}},"9":{"start":{"line":31,"column":1},"end":{"line":31,"column":77}},"10":{"start":{"line":32,"column":1},"end":{"line":32,"column":74}},"11":{"start":{"line":33,"column":1},"end":{"line":33,"column":70}},"12":{"start":{"line":36,"column":1},"end":{"line":36,"column":32}},"13":{"start":{"line":37,"column":1},"end":{"line":37,"column":32}},"14":{"start":{"line":38,"column":1},"end":{"line":38,"column":33}},"15":{"start":{"line":40,"column":0},"end":{"line":40,"column":20}}},"fnMap":{},"branchMap":{},"s":{"0":1,"1":1,"2":1,"3":1,"4":1,"5":1,"6":1,"7":1,"8":1,"9":1,"10":1,"11":1,"12":1,"13":1,"14":1,"15":1},"f":{},"b":{},"_coverageSchema":"43e27e138ebf9cfc5966b082cf9a028302ed4184","hash":"d7e6e11b07eb066ccbafbccd473dc77e25e3eef7"}
,"C:\\Users\\sato_\\Desktop\\promo\\src\\config\\env.js": {"path":"C:\\Users\\sato_\\Desktop\\promo\\src\\config\\env.js","statementMap":{"0":{"start":{"line":1,"column":12},"end":{"line":19,"column":1}},"1":{"start":{"line":21,"column":0},"end":{"line":21,"column":21}}},"fnMap":{},"branchMap":{},"s":{"0":1,"1":1},"f":{},"b":{},"_coverageSchema":"43e27e138ebf9cfc5966b082cf9a028302ed4184","hash":"33df90e17ac731af63b1c575ed3d8e0057c4c693"}
,"C:\\Users\\sato_\\Desktop\\promo\\src\\controller\\cliente.controller.js": {"path":"C:\\Users\\sato_\\Desktop\\promo\\src\\controller\\cliente.controller.js","statementMap":{"0":{"start":{"line":2,"column":17},"end":{"line":2,"column":62}},"1":{"start":{"line":5,"column":0},"end":{"line":26,"column":1}},"2":{"start":{"line":6,"column":4},"end":{"line":25,"column":5}},"3":{"start":{"line":7,"column":8},"end":{"line":16,"column":11}},"4":{"start":{"line":17,"column":8},"end":{"line":19,"column":11}},"5":{"start":{"line":21,"column":8},"end":{"line":21,"column":23}},"6":{"start":{"line":22,"column":8},"end":{"line":24,"column":10}},"7":{"start":{"line":28,"column":0},"end":{"line":49,"column":1}},"8":{"start":{"line":29,"column":13},"end":{"line":29,"column":33}},"9":{"start":{"line":31,"column":4},"end":{"line":48,"column":5}},"10":{"start":{"line":32,"column":19},"end":{"line":32,"column":47}},"11":{"start":{"line":33,"column":8},"end":{"line":42,"column":9}},"12":{"start":{"line":34,"column":12},"end":{"line":36,"column":15}},"13":{"start":{"line":38,"column":12},"end":{"line":41,"column":15}},"14":{"start":{"line":44,"column":8},"end":{"line":47,"column":10}},"15":{"start":{"line":51,"column":0},"end":{"line":64,"column":1}},"16":{"start":{"line":52,"column":4},"end":{"line":63,"column":5}},"17":{"start":{"line":53,"column":19},"end":{"line":53,"column":44}},"18":{"start":{"line":54,"column":8},"end":{"line":57,"column":11}},"19":{"start":{"line":59,"column":8},"end":{"line":62,"column":10}},"20":{"start":{"line":66,"column":0},"end":{"line":80,"column":1}},"21":{"start":{"line":67,"column":4},"end":{"line":79,"column":5}},"22":{"start":{"line":68,"column":19},"end":{"line":68,"column":35}},"23":{"start":{"line":69,"column":19},"end":{"line":69,"column":53}},"24":{"start":{"line":70,"column":8},"end":{"line":73,"column":11}},"25":{"start":{"line":75,"column":8},"end":{"line":78,"column":11}},"26":{"start":{"line":81,"column":0},"end":{"line":94,"column":1}}},"fnMap":{"0":{"name":"(anonymous_0)","decl":{"start":{"line":5,"column":17},"end":{"line":5,"column":18}},"loc":{"start":{"line":5,"column":37},"end":{"line":26,"column":1}},"line":5},"1":{"name":"(anonymous_1)","decl":{"start":{"line":28,"column":18},"end":{"line":28,"column":19}},"loc":{"start":{"line":28,"column":38},"end":{"line":49,"column":1}},"line":28},"2":{"name":"(anonymous_2)","decl":{"start":{"line":51,"column":17},"end":{"line":51,"column":18}},"loc":{"start":{"line":51,"column":37},"end":{"line":64,"column":1}},"line":51},"3":{"name":"(anonymous_3)","decl":{"start":{"line":66,"column":14},"end":{"line":66,"column":15}},"loc":{"start":{"line":66,"column":34},"end":{"line":80,"column":1}},"line":66},"4":{"name":"(anonymous_4)","decl":{"start":{"line":81,"column":17},"end":{"line":81,"column":18}},"loc":{"start":{"line":81,"column":37},"end":{"line":94,"column":1}},"line":81}},"branchMap":{"0":{"loc":{"start":{"line":33,"column":8},"end":{"line":42,"column":9}},"type":"if","locations":[{"start":{"line":33,"column":8},"end":{"line":42,"column":9}},{"start":{"line":33,"column":8},"end":{"line":42,"column":9}}],"line":33}},"s":{"0":1,"1":1,"2":0,"3":0,"4":0,"5":0,"6":0,"7":1,"8":0,"9":0,"10":0,"11":0,"12":0,"13":0,"14":0,"15":1,"16":0,"17":0,"18":0,"19":0,"20":1,"21":0,"22":0,"23":0,"24":0,"25":0,"26":1},"f":{"0":0,"1":0,"2":0,"3":0,"4":0},"b":{"0":[0,0]},"_coverageSchema":"43e27e138ebf9cfc5966b082cf9a028302ed4184","hash":"f7b759b93b49557623fcda456def2056b59bf3af"}
,"C:\\Users\\sato_\\Desktop\\promo\\src\\controller\\cupom.controller.js": {"path":"C:\\Users\\sato_\\Desktop\\promo\\src\\controller\\cupom.controller.js","statementMap":{"0":{"start":{"line":2,"column":17},"end":{"line":2,"column":60}},"1":{"start":{"line":5,"column":0},"end":{"line":30,"column":1}},"2":{"start":{"line":6,"column":4},"end":{"line":29,"column":5}},"3":{"start":{"line":7,"column":8},"end":{"line":10,"column":31}},"4":{"start":{"line":8,"column":25},"end":{"line":8,"column":62}},"5":{"start":{"line":9,"column":23},"end":{"line":9,"column":62}},"6":{"start":{"line":12,"column":8},"end":{"line":20,"column":11}},"7":{"start":{"line":21,"column":8},"end":{"line":23,"column":11}},"8":{"start":{"line":25,"column":8},"end":{"line":25,"column":23}},"9":{"start":{"line":26,"column":8},"end":{"line":28,"column":10}},"10":{"start":{"line":32,"column":0},"end":{"line":53,"column":1}},"11":{"start":{"line":33,"column":13},"end":{"line":33,"column":35}},"12":{"start":{"line":35,"column":4},"end":{"line":52,"column":5}},"13":{"start":{"line":36,"column":19},"end":{"line":36,"column":54}},"14":{"start":{"line":37,"column":8},"end":{"line":46,"column":9}},"15":{"start":{"line":38,"column":12},"end":{"line":40,"column":15}},"16":{"start":{"line":42,"column":12},"end":{"line":45,"column":15}},"17":{"start":{"line":48,"column":8},"end":{"line":51,"column":10}},"18":{"start":{"line":55,"column":0},"end":{"line":68,"column":1}},"19":{"start":{"line":56,"column":4},"end":{"line":67,"column":5}},"20":{"start":{"line":57,"column":19},"end":{"line":57,"column":44}},"21":{"start":{"line":58,"column":8},"end":{"line":61,"column":11}},"22":{"start":{"line":63,"column":8},"end":{"line":66,"column":10}},"23":{"start":{"line":70,"column":0},"end":{"line":84,"column":1}},"24":{"start":{"line":71,"column":4},"end":{"line":83,"column":5}},"25":{"start":{"line":72,"column":19},"end":{"line":72,"column":35}},"26":{"start":{"line":73,"column":19},"end":{"line":73,"column":53}},"27":{"start":{"line":74,"column":8},"end":{"line":77,"column":11}},"28":{"start":{"line":79,"column":8},"end":{"line":82,"column":11}},"29":{"start":{"line":85,"column":0},"end":{"line":98,"column":1}},"30":{"start":{"line":86,"column":4},"end":{"line":97,"column":5}},"31":{"start":{"line":87,"column":19},"end":{"line":87,"column":35}},"32":{"start":{"line":88,"column":8},"end":{"line":88,"column":36}},"33":{"start":{"line":89,"column":8},"end":{"line":91,"column":11}},"34":{"start":{"line":93,"column":8},"end":{"line":96,"column":11}}},"fnMap":{"0":{"name":"(anonymous_0)","decl":{"start":{"line":5,"column":17},"end":{"line":5,"column":18}},"loc":{"start":{"line":5,"column":37},"end":{"line":30,"column":1}},"line":5},"1":{"name":"(anonymous_1)","decl":{"start":{"line":32,"column":25},"end":{"line":32,"column":26}},"loc":{"start":{"line":32,"column":45},"end":{"line":53,"column":1}},"line":32},"2":{"name":"(anonymous_2)","decl":{"start":{"line":55,"column":17},"end":{"line":55,"column":18}},"loc":{"start":{"line":55,"column":37},"end":{"line":68,"column":1}},"line":55},"3":{"name":"(anonymous_3)","decl":{"start":{"line":70,"column":14},"end":{"line":70,"column":15}},"loc":{"start":{"line":70,"column":34},"end":{"line":84,"column":1}},"line":70},"4":{"name":"(anonymous_4)","decl":{"start":{"line":85,"column":17},"end":{"line":85,"column":18}},"loc":{"start":{"line":85,"column":37},"end":{"line":98,"column":1}},"line":85}},"branchMap":{"0":{"loc":{"start":{"line":37,"column":8},"end":{"line":46,"column":9}},"type":"if","locations":[{"start":{"line":37,"column":8},"end":{"line":46,"column":9}},{"start":{"line":37,"column":8},"end":{"line":46,"column":9}}],"line":37}},"s":{"0":1,"1":1,"2":0,"3":0,"4":0,"5":0,"6":0,"7":0,"8":0,"9":0,"10":1,"11":0,"12":0,"13":0,"14":0,"15":0,"16":0,"17":0,"18":1,"19":0,"20":0,"21":0,"22":0,"23":1,"24":0,"25":0,"26":0,"27":0,"28":0,"29":1,"30":0,"31":0,"32":0,"33":0,"34":0},"f":{"0":0,"1":0,"2":0,"3":0,"4":0},"b":{"0":[0,0]},"_coverageSchema":"43e27e138ebf9cfc5966b082cf9a028302ed4184","hash":"d7566da6e5253a006d10cd0118a181c23faac93d"}
,"C:\\Users\\sato_\\Desktop\\promo\\src\\controller\\empresa.controller.js": {"path":"C:\\Users\\sato_\\Desktop\\promo\\src\\controller\\empresa.controller.js","statementMap":{"0":{"start":{"line":2,"column":17},"end":{"line":2,"column":62}},"1":{"start":{"line":5,"column":0},"end":{"line":32,"column":1}},"2":{"start":{"line":6,"column":4},"end":{"line":31,"column":5}},"3":{"start":{"line":7,"column":8},"end":{"line":22,"column":11}},"4":{"start":{"line":23,"column":8},"end":{"line":25,"column":11}},"5":{"start":{"line":27,"column":8},"end":{"line":27,"column":23}},"6":{"start":{"line":28,"column":8},"end":{"line":30,"column":10}},"7":{"start":{"line":34,"column":0},"end":{"line":55,"column":1}},"8":{"start":{"line":35,"column":13},"end":{"line":35,"column":33}},"9":{"start":{"line":37,"column":4},"end":{"line":54,"column":5}},"10":{"start":{"line":38,"column":19},"end":{"line":38,"column":47}},"11":{"start":{"line":39,"column":8},"end":{"line":48,"column":9}},"12":{"start":{"line":40,"column":12},"end":{"line":42,"column":15}},"13":{"start":{"line":44,"column":12},"end":{"line":47,"column":15}},"14":{"start":{"line":50,"column":8},"end":{"line":53,"column":10}},"15":{"start":{"line":57,"column":0},"end":{"line":70,"column":1}},"16":{"start":{"line":58,"column":4},"end":{"line":69,"column":5}},"17":{"start":{"line":59,"column":19},"end":{"line":59,"column":44}},"18":{"start":{"line":60,"column":8},"end":{"line":63,"column":11}},"19":{"start":{"line":65,"column":8},"end":{"line":68,"column":10}},"20":{"start":{"line":72,"column":0},"end":{"line":86,"column":1}},"21":{"start":{"line":73,"column":4},"end":{"line":85,"column":5}},"22":{"start":{"line":74,"column":19},"end":{"line":74,"column":35}},"23":{"start":{"line":75,"column":19},"end":{"line":75,"column":53}},"24":{"start":{"line":76,"column":8},"end":{"line":79,"column":11}},"25":{"start":{"line":81,"column":8},"end":{"line":84,"column":11}},"26":{"start":{"line":87,"column":0},"end":{"line":100,"column":1}},"27":{"start":{"line":88,"column":4},"end":{"line":99,"column":5}},"28":{"start":{"line":89,"column":19},"end":{"line":89,"column":35}},"29":{"start":{"line":90,"column":8},"end":{"line":90,"column":36}},"30":{"start":{"line":91,"column":8},"end":{"line":93,"column":11}},"31":{"start":{"line":95,"column":8},"end":{"line":98,"column":11}}},"fnMap":{"0":{"name":"(anonymous_0)","decl":{"start":{"line":5,"column":17},"end":{"line":5,"column":18}},"loc":{"start":{"line":5,"column":37},"end":{"line":32,"column":1}},"line":5},"1":{"name":"(anonymous_1)","decl":{"start":{"line":34,"column":18},"end":{"line":34,"column":19}},"loc":{"start":{"line":34,"column":38},"end":{"line":55,"column":1}},"line":34},"2":{"name":"(anonymous_2)","decl":{"start":{"line":57,"column":17},"end":{"line":57,"column":18}},"loc":{"start":{"line":57,"column":37},"end":{"line":70,"column":1}},"line":57},"3":{"name":"(anonymous_3)","decl":{"start":{"line":72,"column":14},"end":{"line":72,"column":15}},"loc":{"start":{"line":72,"column":34},"end":{"line":86,"column":1}},"line":72},"4":{"name":"(anonymous_4)","decl":{"start":{"line":87,"column":17},"end":{"line":87,"column":18}},"loc":{"start":{"line":87,"column":37},"end":{"line":100,"column":1}},"line":87}},"branchMap":{"0":{"loc":{"start":{"line":39,"column":8},"end":{"line":48,"column":9}},"type":"if","locations":[{"start":{"line":39,"column":8},"end":{"line":48,"column":9}},{"start":{"line":39,"column":8},"end":{"line":48,"column":9}}],"line":39}},"s":{"0":1,"1":1,"2":0,"3":0,"4":0,"5":0,"6":0,"7":1,"8":0,"9":0,"10":0,"11":0,"12":0,"13":0,"14":0,"15":1,"16":0,"17":0,"18":0,"19":0,"20":1,"21":0,"22":0,"23":0,"24":0,"25":0,"26":1,"27":0,"28":0,"29":0,"30":0,"31":0},"f":{"0":0,"1":0,"2":0,"3":0,"4":0},"b":{"0":[0,0]},"_coverageSchema":"43e27e138ebf9cfc5966b082cf9a028302ed4184","hash":"4527b87178bb2c560a088a0ea35f159ed521ff11"}
,"C:\\Users\\sato_\\Desktop\\promo\\src\\controller\\promocao.controller.js": {"path":"C:\\Users\\sato_\\Desktop\\promo\\src\\controller\\promocao.controller.js","statementMap":{"0":{"start":{"line":2,"column":17},"end":{"line":2,"column":63}},"1":{"start":{"line":5,"column":0},"end":{"line":28,"column":1}},"2":{"start":{"line":6,"column":4},"end":{"line":27,"column":5}},"3":{"start":{"line":7,"column":8},"end":{"line":18,"column":11}},"4":{"start":{"line":19,"column":8},"end":{"line":21,"column":11}},"5":{"start":{"line":23,"column":8},"end":{"line":23,"column":23}},"6":{"start":{"line":24,"column":8},"end":{"line":26,"column":10}},"7":{"start":{"line":30,"column":0},"end":{"line":51,"column":1}},"8":{"start":{"line":31,"column":13},"end":{"line":31,"column":34}},"9":{"start":{"line":33,"column":4},"end":{"line":50,"column":5}},"10":{"start":{"line":34,"column":19},"end":{"line":34,"column":47}},"11":{"start":{"line":35,"column":8},"end":{"line":44,"column":9}},"12":{"start":{"line":36,"column":12},"end":{"line":38,"column":15}},"13":{"start":{"line":40,"column":12},"end":{"line":43,"column":15}},"14":{"start":{"line":46,"column":8},"end":{"line":49,"column":10}},"15":{"start":{"line":53,"column":0},"end":{"line":66,"column":1}},"16":{"start":{"line":54,"column":4},"end":{"line":65,"column":5}},"17":{"start":{"line":55,"column":19},"end":{"line":55,"column":44}},"18":{"start":{"line":56,"column":8},"end":{"line":59,"column":11}},"19":{"start":{"line":61,"column":8},"end":{"line":64,"column":10}},"20":{"start":{"line":68,"column":0},"end":{"line":84,"column":1}},"21":{"start":{"line":69,"column":4},"end":{"line":83,"column":5}},"22":{"start":{"line":70,"column":19},"end":{"line":70,"column":35}},"23":{"start":{"line":71,"column":19},"end":{"line":71,"column":53}},"24":{"start":{"line":72,"column":8},"end":{"line":72,"column":26}},"25":{"start":{"line":73,"column":8},"end":{"line":77,"column":11}},"26":{"start":{"line":79,"column":8},"end":{"line":82,"column":11}},"27":{"start":{"line":85,"column":0},"end":{"line":98,"column":1}},"28":{"start":{"line":86,"column":4},"end":{"line":97,"column":5}},"29":{"start":{"line":87,"column":19},"end":{"line":87,"column":35}},"30":{"start":{"line":88,"column":8},"end":{"line":88,"column":36}},"31":{"start":{"line":89,"column":8},"end":{"line":91,"column":11}},"32":{"start":{"line":93,"column":8},"end":{"line":96,"column":11}}},"fnMap":{"0":{"name":"(anonymous_0)","decl":{"start":{"line":5,"column":17},"end":{"line":5,"column":18}},"loc":{"start":{"line":5,"column":37},"end":{"line":28,"column":1}},"line":5},"1":{"name":"(anonymous_1)","decl":{"start":{"line":30,"column":18},"end":{"line":30,"column":19}},"loc":{"start":{"line":30,"column":38},"end":{"line":51,"column":1}},"line":30},"2":{"name":"(anonymous_2)","decl":{"start":{"line":53,"column":17},"end":{"line":53,"column":18}},"loc":{"start":{"line":53,"column":37},"end":{"line":66,"column":1}},"line":53},"3":{"name":"(anonymous_3)","decl":{"start":{"line":68,"column":14},"end":{"line":68,"column":15}},"loc":{"start":{"line":68,"column":34},"end":{"line":84,"column":1}},"line":68},"4":{"name":"(anonymous_4)","decl":{"start":{"line":85,"column":17},"end":{"line":85,"column":18}},"loc":{"start":{"line":85,"column":37},"end":{"line":98,"column":1}},"line":85}},"branchMap":{"0":{"loc":{"start":{"line":35,"column":8},"end":{"line":44,"column":9}},"type":"if","locations":[{"start":{"line":35,"column":8},"end":{"line":44,"column":9}},{"start":{"line":35,"column":8},"end":{"line":44,"column":9}}],"line":35}},"s":{"0":1,"1":1,"2":0,"3":0,"4":0,"5":0,"6":0,"7":1,"8":0,"9":0,"10":0,"11":0,"12":0,"13":0,"14":0,"15":1,"16":0,"17":0,"18":0,"19":0,"20":1,"21":0,"22":0,"23":0,"24":0,"25":0,"26":0,"27":1,"28":0,"29":0,"30":0,"31":0,"32":0},"f":{"0":0,"1":0,"2":0,"3":0,"4":0},"b":{"0":[0,0]},"_coverageSchema":"43e27e138ebf9cfc5966b082cf9a028302ed4184","hash":"a324244a188081483a21100e18fbe9f9417b2072"}
,"C:\\Users\\sato_\\Desktop\\promo\\src\\controller\\segmento.controller.js": {"path":"C:\\Users\\sato_\\Desktop\\promo\\src\\controller\\segmento.controller.js","statementMap":{"0":{"start":{"line":2,"column":17},"end":{"line":2,"column":63}},"1":{"start":{"line":5,"column":0},"end":{"line":20,"column":1}},"2":{"start":{"line":6,"column":4},"end":{"line":19,"column":5}},"3":{"start":{"line":7,"column":8},"end":{"line":10,"column":11}},"4":{"start":{"line":11,"column":8},"end":{"line":13,"column":11}},"5":{"start":{"line":15,"column":8},"end":{"line":15,"column":23}},"6":{"start":{"line":16,"column":8},"end":{"line":18,"column":10}},"7":{"start":{"line":22,"column":0},"end":{"line":43,"column":1}},"8":{"start":{"line":23,"column":13},"end":{"line":23,"column":34}},"9":{"start":{"line":25,"column":4},"end":{"line":42,"column":5}},"10":{"start":{"line":26,"column":19},"end":{"line":26,"column":47}},"11":{"start":{"line":27,"column":8},"end":{"line":36,"column":9}},"12":{"start":{"line":28,"column":12},"end":{"line":30,"column":15}},"13":{"start":{"line":32,"column":12},"end":{"line":35,"column":15}},"14":{"start":{"line":38,"column":8},"end":{"line":41,"column":10}},"15":{"start":{"line":45,"column":0},"end":{"line":58,"column":1}},"16":{"start":{"line":46,"column":4},"end":{"line":57,"column":5}},"17":{"start":{"line":47,"column":19},"end":{"line":47,"column":44}},"18":{"start":{"line":48,"column":8},"end":{"line":51,"column":11}},"19":{"start":{"line":53,"column":8},"end":{"line":56,"column":10}},"20":{"start":{"line":60,"column":0},"end":{"line":74,"column":1}},"21":{"start":{"line":61,"column":4},"end":{"line":73,"column":5}},"22":{"start":{"line":62,"column":19},"end":{"line":62,"column":35}},"23":{"start":{"line":63,"column":19},"end":{"line":63,"column":53}},"24":{"start":{"line":64,"column":8},"end":{"line":67,"column":11}},"25":{"start":{"line":69,"column":8},"end":{"line":72,"column":11}},"26":{"start":{"line":75,"column":0},"end":{"line":88,"column":1}},"27":{"start":{"line":76,"column":4},"end":{"line":87,"column":5}},"28":{"start":{"line":77,"column":19},"end":{"line":77,"column":35}},"29":{"start":{"line":78,"column":8},"end":{"line":78,"column":36}},"30":{"start":{"line":79,"column":8},"end":{"line":81,"column":11}},"31":{"start":{"line":83,"column":8},"end":{"line":86,"column":11}}},"fnMap":{"0":{"name":"(anonymous_0)","decl":{"start":{"line":5,"column":17},"end":{"line":5,"column":18}},"loc":{"start":{"line":5,"column":37},"end":{"line":20,"column":1}},"line":5},"1":{"name":"(anonymous_1)","decl":{"start":{"line":22,"column":18},"end":{"line":22,"column":19}},"loc":{"start":{"line":22,"column":38},"end":{"line":43,"column":1}},"line":22},"2":{"name":"(anonymous_2)","decl":{"start":{"line":45,"column":17},"end":{"line":45,"column":18}},"loc":{"start":{"line":45,"column":37},"end":{"line":58,"column":1}},"line":45},"3":{"name":"(anonymous_3)","decl":{"start":{"line":60,"column":14},"end":{"line":60,"column":15}},"loc":{"start":{"line":60,"column":34},"end":{"line":74,"column":1}},"line":60},"4":{"name":"(anonymous_4)","decl":{"start":{"line":75,"column":17},"end":{"line":75,"column":18}},"loc":{"start":{"line":75,"column":37},"end":{"line":88,"column":1}},"line":75}},"branchMap":{"0":{"loc":{"start":{"line":27,"column":8},"end":{"line":36,"column":9}},"type":"if","locations":[{"start":{"line":27,"column":8},"end":{"line":36,"column":9}},{"start":{"line":27,"column":8},"end":{"line":36,"column":9}}],"line":27}},"s":{"0":1,"1":1,"2":0,"3":0,"4":0,"5":0,"6":0,"7":1,"8":0,"9":0,"10":0,"11":0,"12":0,"13":0,"14":0,"15":1,"16":0,"17":0,"18":0,"19":0,"20":1,"21":0,"22":0,"23":0,"24":0,"25":0,"26":1,"27":0,"28":0,"29":0,"30":0,"31":0},"f":{"0":0,"1":0,"2":0,"3":0,"4":0},"b":{"0":[0,0]},"_coverageSchema":"43e27e138ebf9cfc5966b082cf9a028302ed4184","hash":"5b583b548b171b67faa58e3fa01df680ed9202d1"}
,"C:\\Users\\sato_\\Desktop\\promo\\src\\controller\\usuario.controller.js": {"path":"C:\\Users\\sato_\\Desktop\\promo\\src\\controller\\usuario.controller.js","statementMap":{"0":{"start":{"line":2,"column":17},"end":{"line":2,"column":62}},"1":{"start":{"line":5,"column":0},"end":{"line":23,"column":1}},"2":{"start":{"line":6,"column":4},"end":{"line":22,"column":5}},"3":{"start":{"line":7,"column":8},"end":{"line":13,"column":11}},"4":{"start":{"line":14,"column":8},"end":{"line":16,"column":11}},"5":{"start":{"line":18,"column":8},"end":{"line":18,"column":23}},"6":{"start":{"line":19,"column":8},"end":{"line":21,"column":10}},"7":{"start":{"line":25,"column":0},"end":{"line":46,"column":1}},"8":{"start":{"line":26,"column":13},"end":{"line":26,"column":33}},"9":{"start":{"line":28,"column":4},"end":{"line":45,"column":5}},"10":{"start":{"line":29,"column":19},"end":{"line":29,"column":47}},"11":{"start":{"line":30,"column":8},"end":{"line":39,"column":9}},"12":{"start":{"line":31,"column":12},"end":{"line":33,"column":15}},"13":{"start":{"line":35,"column":12},"end":{"line":38,"column":15}},"14":{"start":{"line":41,"column":8},"end":{"line":44,"column":10}},"15":{"start":{"line":48,"column":0},"end":{"line":61,"column":1}},"16":{"start":{"line":49,"column":4},"end":{"line":60,"column":5}},"17":{"start":{"line":50,"column":19},"end":{"line":50,"column":44}},"18":{"start":{"line":51,"column":8},"end":{"line":54,"column":11}},"19":{"start":{"line":56,"column":8},"end":{"line":59,"column":10}},"20":{"start":{"line":63,"column":0},"end":{"line":77,"column":1}},"21":{"start":{"line":64,"column":4},"end":{"line":76,"column":5}},"22":{"start":{"line":65,"column":19},"end":{"line":65,"column":35}},"23":{"start":{"line":66,"column":19},"end":{"line":66,"column":53}},"24":{"start":{"line":67,"column":8},"end":{"line":70,"column":11}},"25":{"start":{"line":72,"column":8},"end":{"line":75,"column":11}},"26":{"start":{"line":78,"column":0},"end":{"line":102,"column":1}},"27":{"start":{"line":79,"column":4},"end":{"line":101,"column":5}},"28":{"start":{"line":80,"column":19},"end":{"line":80,"column":35}},"29":{"start":{"line":81,"column":19},"end":{"line":81,"column":47}},"30":{"start":{"line":82,"column":8},"end":{"line":94,"column":9}},"31":{"start":{"line":83,"column":12},"end":{"line":86,"column":15}},"32":{"start":{"line":88,"column":12},"end":{"line":88,"column":40}},"33":{"start":{"line":90,"column":12},"end":{"line":93,"column":15}},"34":{"start":{"line":97,"column":8},"end":{"line":100,"column":11}}},"fnMap":{"0":{"name":"(anonymous_0)","decl":{"start":{"line":5,"column":17},"end":{"line":5,"column":18}},"loc":{"start":{"line":5,"column":37},"end":{"line":23,"column":1}},"line":5},"1":{"name":"(anonymous_1)","decl":{"start":{"line":25,"column":18},"end":{"line":25,"column":19}},"loc":{"start":{"line":25,"column":38},"end":{"line":46,"column":1}},"line":25},"2":{"name":"(anonymous_2)","decl":{"start":{"line":48,"column":17},"end":{"line":48,"column":18}},"loc":{"start":{"line":48,"column":37},"end":{"line":61,"column":1}},"line":48},"3":{"name":"(anonymous_3)","decl":{"start":{"line":63,"column":14},"end":{"line":63,"column":15}},"loc":{"start":{"line":63,"column":34},"end":{"line":77,"column":1}},"line":63},"4":{"name":"(anonymous_4)","decl":{"start":{"line":78,"column":17},"end":{"line":78,"column":18}},"loc":{"start":{"line":78,"column":37},"end":{"line":102,"column":1}},"line":78}},"branchMap":{"0":{"loc":{"start":{"line":30,"column":8},"end":{"line":39,"column":9}},"type":"if","locations":[{"start":{"line":30,"column":8},"end":{"line":39,"column":9}},{"start":{"line":30,"column":8},"end":{"line":39,"column":9}}],"line":30},"1":{"loc":{"start":{"line":82,"column":8},"end":{"line":94,"column":9}},"type":"if","locations":[{"start":{"line":82,"column":8},"end":{"line":94,"column":9}},{"start":{"line":82,"column":8},"end":{"line":94,"column":9}}],"line":82}},"s":{"0":1,"1":1,"2":0,"3":0,"4":0,"5":0,"6":0,"7":1,"8":0,"9":0,"10":0,"11":0,"12":0,"13":0,"14":0,"15":1,"16":0,"17":0,"18":0,"19":0,"20":1,"21":0,"22":0,"23":0,"24":0,"25":0,"26":1,"27":0,"28":0,"29":0,"30":0,"31":0,"32":0,"33":0,"34":0},"f":{"0":0,"1":0,"2":0,"3":0,"4":0},"b":{"0":[0,0],"1":[0,0]},"_coverageSchema":"43e27e138ebf9cfc5966b082cf9a028302ed4184","hash":"c30122cc4ea4ee3074bc530bbd437e9832f93df8"}
,"C:\\Users\\sato_\\Desktop\\promo\\src\\repositories\\cliente.repository.js": {"path":"C:\\Users\\sato_\\Desktop\\promo\\src\\repositories\\cliente.repository.js","statementMap":{"0":{"start":{"line":1,"column":11},"end":{"line":1,"column":41}},"1":{"start":{"line":2,"column":16},"end":{"line":2,"column":26}},"2":{"start":{"line":3,"column":16},"end":{"line":3,"column":26}},"3":{"start":{"line":7,"column":0},"end":{"line":10,"column":1}},"4":{"start":{"line":9,"column":4},"end":{"line":9,"column":25}},"5":{"start":{"line":12,"column":0},"end":{"line":15,"column":1}},"6":{"start":{"line":13,"column":16},"end":{"line":13,"column":42}},"7":{"start":{"line":14,"column":4},"end":{"line":14,"column":15}},"8":{"start":{"line":17,"column":0},"end":{"line":20,"column":1}},"9":{"start":{"line":18,"column":16},"end":{"line":18,"column":39}},"10":{"start":{"line":19,"column":4},"end":{"line":19,"column":15}},"11":{"start":{"line":23,"column":0},"end":{"line":37,"column":1}},"12":{"start":{"line":24,"column":4},"end":{"line":36,"column":11}},"13":{"start":{"line":38,"column":0},"end":{"line":52,"column":1}},"14":{"start":{"line":40,"column":4},"end":{"line":51,"column":7}},"15":{"start":{"line":54,"column":0},"end":{"line":60,"column":1}},"16":{"start":{"line":55,"column":4},"end":{"line":59,"column":6}}},"fnMap":{"0":{"name":"(anonymous_0)","decl":{"start":{"line":7,"column":17},"end":{"line":7,"column":18}},"loc":{"start":{"line":7,"column":34},"end":{"line":10,"column":1}},"line":7},"1":{"name":"(anonymous_1)","decl":{"start":{"line":12,"column":18},"end":{"line":12,"column":19}},"loc":{"start":{"line":12,"column":32},"end":{"line":15,"column":1}},"line":12},"2":{"name":"(anonymous_2)","decl":{"start":{"line":17,"column":17},"end":{"line":17,"column":18}},"loc":{"start":{"line":17,"column":29},"end":{"line":20,"column":1}},"line":17},"3":{"name":"(anonymous_3)","decl":{"start":{"line":23,"column":14},"end":{"line":23,"column":15}},"loc":{"start":{"line":23,"column":34},"end":{"line":37,"column":1}},"line":23},"4":{"name":"(anonymous_4)","decl":{"start":{"line":38,"column":14},"end":{"line":38,"column":15}},"loc":{"start":{"line":38,"column":34},"end":{"line":52,"column":1}},"line":38},"5":{"name":"(anonymous_5)","decl":{"start":{"line":54,"column":17},"end":{"line":54,"column":18}},"loc":{"start":{"line":54,"column":31},"end":{"line":60,"column":1}},"line":54}},"branchMap":{},"s":{"0":1,"1":1,"2":1,"3":1,"4":0,"5":1,"6":0,"7":0,"8":1,"9":0,"10":0,"11":1,"12":0,"13":1,"14":0,"15":1,"16":0},"f":{"0":0,"1":0,"2":0,"3":0,"4":0,"5":0},"b":{},"_coverageSchema":"43e27e138ebf9cfc5966b082cf9a028302ed4184","hash":"6063f2d8792af41211bbc0049a7ddd0ad2438050"}
,"C:\\Users\\sato_\\Desktop\\promo\\src\\repositories\\cupom.repository.js": {"path":"C:\\Users\\sato_\\Desktop\\promo\\src\\repositories\\cupom.repository.js","statementMap":{"0":{"start":{"line":1,"column":11},"end":{"line":1,"column":41}},"1":{"start":{"line":2,"column":14},"end":{"line":2,"column":22}},"2":{"start":{"line":3,"column":16},"end":{"line":3,"column":26}},"3":{"start":{"line":4,"column":16},"end":{"line":4,"column":26}},"4":{"start":{"line":5,"column":17},"end":{"line":5,"column":28}},"5":{"start":{"line":9,"column":0},"end":{"line":12,"column":1}},"6":{"start":{"line":11,"column":4},"end":{"line":11,"column":23}},"7":{"start":{"line":14,"column":0},"end":{"line":21,"column":1}},"8":{"start":{"line":15,"column":16},"end":{"line":19,"column":6}},"9":{"start":{"line":20,"column":4},"end":{"line":20,"column":15}},"10":{"start":{"line":23,"column":0},"end":{"line":43,"column":1}},"11":{"start":{"line":24,"column":16},"end":{"line":41,"column":6}},"12":{"start":{"line":42,"column":4},"end":{"line":42,"column":15}},"13":{"start":{"line":45,"column":0},"end":{"line":62,"column":1}},"14":{"start":{"line":46,"column":16},"end":{"line":60,"column":6}},"15":{"start":{"line":61,"column":4},"end":{"line":61,"column":15}},"16":{"start":{"line":64,"column":0},"end":{"line":78,"column":1}},"17":{"start":{"line":66,"column":4},"end":{"line":77,"column":7}},"18":{"start":{"line":80,"column":0},"end":{"line":86,"column":1}},"19":{"start":{"line":81,"column":4},"end":{"line":85,"column":6}}},"fnMap":{"0":{"name":"(anonymous_0)","decl":{"start":{"line":9,"column":17},"end":{"line":9,"column":18}},"loc":{"start":{"line":9,"column":34},"end":{"line":12,"column":1}},"line":9},"1":{"name":"(anonymous_1)","decl":{"start":{"line":14,"column":25},"end":{"line":14,"column":26}},"loc":{"start":{"line":14,"column":43},"end":{"line":21,"column":1}},"line":14},"2":{"name":"(anonymous_2)","decl":{"start":{"line":23,"column":25},"end":{"line":23,"column":26}},"loc":{"start":{"line":23,"column":43},"end":{"line":43,"column":1}},"line":23},"3":{"name":"(anonymous_3)","decl":{"start":{"line":45,"column":17},"end":{"line":45,"column":18}},"loc":{"start":{"line":45,"column":29},"end":{"line":62,"column":1}},"line":45},"4":{"name":"(anonymous_4)","decl":{"start":{"line":64,"column":14},"end":{"line":64,"column":15}},"loc":{"start":{"line":64,"column":34},"end":{"line":78,"column":1}},"line":64},"5":{"name":"(anonymous_5)","decl":{"start":{"line":80,"column":17},"end":{"line":80,"column":18}},"loc":{"start":{"line":80,"column":31},"end":{"line":86,"column":1}},"line":80}},"branchMap":{},"s":{"0":1,"1":1,"2":1,"3":1,"4":1,"5":1,"6":0,"7":1,"8":0,"9":0,"10":1,"11":0,"12":0,"13":1,"14":0,"15":0,"16":1,"17":0,"18":1,"19":0},"f":{"0":0,"1":0,"2":0,"3":0,"4":0,"5":0},"b":{},"_coverageSchema":"43e27e138ebf9cfc5966b082cf9a028302ed4184","hash":"e76ce0cf29039181f60c0075ba7825a164aa1527"}
,"C:\\Users\\sato_\\Desktop\\promo\\src\\repositories\\empresa.repository.js": {"path":"C:\\Users\\sato_\\Desktop\\promo\\src\\repositories\\empresa.repository.js","statementMap":{"0":{"start":{"line":1,"column":11},"end":{"line":1,"column":41}},"1":{"start":{"line":2,"column":16},"end":{"line":2,"column":26}},"2":{"start":{"line":6,"column":0},"end":{"line":9,"column":1}},"3":{"start":{"line":8,"column":4},"end":{"line":8,"column":25}},"4":{"start":{"line":11,"column":0},"end":{"line":14,"column":1}},"5":{"start":{"line":12,"column":16},"end":{"line":12,"column":42}},"6":{"start":{"line":13,"column":4},"end":{"line":13,"column":15}},"7":{"start":{"line":17,"column":0},"end":{"line":20,"column":1}},"8":{"start":{"line":18,"column":16},"end":{"line":18,"column":39}},"9":{"start":{"line":19,"column":4},"end":{"line":19,"column":15}},"10":{"start":{"line":23,"column":0},"end":{"line":42,"column":1}},"11":{"start":{"line":25,"column":4},"end":{"line":41,"column":7}},"12":{"start":{"line":44,"column":0},"end":{"line":50,"column":1}},"13":{"start":{"line":45,"column":4},"end":{"line":49,"column":6}}},"fnMap":{"0":{"name":"(anonymous_0)","decl":{"start":{"line":6,"column":17},"end":{"line":6,"column":18}},"loc":{"start":{"line":6,"column":34},"end":{"line":9,"column":1}},"line":6},"1":{"name":"(anonymous_1)","decl":{"start":{"line":11,"column":18},"end":{"line":11,"column":19}},"loc":{"start":{"line":11,"column":32},"end":{"line":14,"column":1}},"line":11},"2":{"name":"(anonymous_2)","decl":{"start":{"line":17,"column":17},"end":{"line":17,"column":18}},"loc":{"start":{"line":17,"column":29},"end":{"line":20,"column":1}},"line":17},"3":{"name":"(anonymous_3)","decl":{"start":{"line":23,"column":14},"end":{"line":23,"column":15}},"loc":{"start":{"line":23,"column":34},"end":{"line":42,"column":1}},"line":23},"4":{"name":"(anonymous_4)","decl":{"start":{"line":44,"column":17},"end":{"line":44,"column":18}},"loc":{"start":{"line":44,"column":31},"end":{"line":50,"column":1}},"line":44}},"branchMap":{},"s":{"0":1,"1":1,"2":1,"3":0,"4":1,"5":0,"6":0,"7":1,"8":0,"9":0,"10":1,"11":0,"12":1,"13":0},"f":{"0":0,"1":0,"2":0,"3":0,"4":0},"b":{},"_coverageSchema":"43e27e138ebf9cfc5966b082cf9a028302ed4184","hash":"e79a38431dfdf30dd844eaebe1baefa2f84a75b9"}
,"C:\\Users\\sato_\\Desktop\\promo\\src\\repositories\\promocao.repository.js": {"path":"C:\\Users\\sato_\\Desktop\\promo\\src\\repositories\\promocao.repository.js","statementMap":{"0":{"start":{"line":1,"column":11},"end":{"line":1,"column":41}},"1":{"start":{"line":2,"column":17},"end":{"line":2,"column":28}},"2":{"start":{"line":6,"column":0},"end":{"line":9,"column":1}},"3":{"start":{"line":7,"column":0},"end":{"line":7,"column":19}},"4":{"start":{"line":8,"column":4},"end":{"line":8,"column":26}},"5":{"start":{"line":11,"column":0},"end":{"line":14,"column":1}},"6":{"start":{"line":12,"column":16},"end":{"line":12,"column":43}},"7":{"start":{"line":13,"column":4},"end":{"line":13,"column":15}},"8":{"start":{"line":16,"column":0},"end":{"line":19,"column":1}},"9":{"start":{"line":17,"column":16},"end":{"line":17,"column":40}},"10":{"start":{"line":18,"column":4},"end":{"line":18,"column":15}},"11":{"start":{"line":21,"column":0},"end":{"line":38,"column":1}},"12":{"start":{"line":23,"column":4},"end":{"line":36,"column":7}},"13":{"start":{"line":37,"column":4},"end":{"line":37,"column":16}},"14":{"start":{"line":40,"column":0},"end":{"line":46,"column":1}},"15":{"start":{"line":41,"column":4},"end":{"line":45,"column":6}}},"fnMap":{"0":{"name":"(anonymous_0)","decl":{"start":{"line":6,"column":17},"end":{"line":6,"column":18}},"loc":{"start":{"line":6,"column":34},"end":{"line":9,"column":1}},"line":6},"1":{"name":"(anonymous_1)","decl":{"start":{"line":11,"column":18},"end":{"line":11,"column":19}},"loc":{"start":{"line":11,"column":32},"end":{"line":14,"column":1}},"line":11},"2":{"name":"(anonymous_2)","decl":{"start":{"line":16,"column":17},"end":{"line":16,"column":18}},"loc":{"start":{"line":16,"column":29},"end":{"line":19,"column":1}},"line":16},"3":{"name":"(anonymous_3)","decl":{"start":{"line":21,"column":14},"end":{"line":21,"column":15}},"loc":{"start":{"line":21,"column":34},"end":{"line":38,"column":1}},"line":21},"4":{"name":"(anonymous_4)","decl":{"start":{"line":40,"column":17},"end":{"line":40,"column":18}},"loc":{"start":{"line":40,"column":31},"end":{"line":46,"column":1}},"line":40}},"branchMap":{},"s":{"0":1,"1":1,"2":1,"3":0,"4":0,"5":1,"6":0,"7":0,"8":1,"9":0,"10":0,"11":1,"12":0,"13":0,"14":1,"15":0},"f":{"0":0,"1":0,"2":0,"3":0,"4":0},"b":{},"_coverageSchema":"43e27e138ebf9cfc5966b082cf9a028302ed4184","hash":"70b46952df7d4eb05bb530284bd4b2c8215b3f3f"}
,"C:\\Users\\sato_\\Desktop\\promo\\src\\repositories\\segmento.repository.js": {"path":"C:\\Users\\sato_\\Desktop\\promo\\src\\repositories\\segmento.repository.js","statementMap":{"0":{"start":{"line":1,"column":11},"end":{"line":1,"column":41}},"1":{"start":{"line":2,"column":17},"end":{"line":2,"column":28}},"2":{"start":{"line":6,"column":0},"end":{"line":9,"column":1}},"3":{"start":{"line":8,"column":4},"end":{"line":8,"column":26}},"4":{"start":{"line":11,"column":0},"end":{"line":14,"column":1}},"5":{"start":{"line":12,"column":16},"end":{"line":12,"column":43}},"6":{"start":{"line":13,"column":4},"end":{"line":13,"column":15}},"7":{"start":{"line":16,"column":0},"end":{"line":19,"column":1}},"8":{"start":{"line":17,"column":16},"end":{"line":17,"column":40}},"9":{"start":{"line":18,"column":4},"end":{"line":18,"column":15}},"10":{"start":{"line":21,"column":0},"end":{"line":28,"column":1}},"11":{"start":{"line":23,"column":4},"end":{"line":27,"column":7}},"12":{"start":{"line":30,"column":0},"end":{"line":36,"column":1}},"13":{"start":{"line":31,"column":4},"end":{"line":35,"column":6}}},"fnMap":{"0":{"name":"(anonymous_0)","decl":{"start":{"line":6,"column":17},"end":{"line":6,"column":18}},"loc":{"start":{"line":6,"column":34},"end":{"line":9,"column":1}},"line":6},"1":{"name":"(anonymous_1)","decl":{"start":{"line":11,"column":18},"end":{"line":11,"column":19}},"loc":{"start":{"line":11,"column":32},"end":{"line":14,"column":1}},"line":11},"2":{"name":"(anonymous_2)","decl":{"start":{"line":16,"column":17},"end":{"line":16,"column":18}},"loc":{"start":{"line":16,"column":29},"end":{"line":19,"column":1}},"line":16},"3":{"name":"(anonymous_3)","decl":{"start":{"line":21,"column":14},"end":{"line":21,"column":15}},"loc":{"start":{"line":21,"column":34},"end":{"line":28,"column":1}},"line":21},"4":{"name":"(anonymous_4)","decl":{"start":{"line":30,"column":17},"end":{"line":30,"column":18}},"loc":{"start":{"line":30,"column":31},"end":{"line":36,"column":1}},"line":30}},"branchMap":{},"s":{"0":1,"1":1,"2":1,"3":0,"4":1,"5":0,"6":0,"7":1,"8":0,"9":0,"10":1,"11":0,"12":1,"13":0},"f":{"0":0,"1":0,"2":0,"3":0,"4":0},"b":{},"_coverageSchema":"43e27e138ebf9cfc5966b082cf9a028302ed4184","hash":"3f14558bafeae31799e2efa27bc02fe9871d08e6"}
,"C:\\Users\\sato_\\Desktop\\promo\\src\\repositories\\usuario.repository.js": {"path":"C:\\Users\\sato_\\Desktop\\promo\\src\\repositories\\usuario.repository.js","statementMap":{"0":{"start":{"line":1,"column":11},"end":{"line":1,"column":41}},"1":{"start":{"line":2,"column":16},"end":{"line":2,"column":26}},"2":{"start":{"line":6,"column":0},"end":{"line":10,"column":1}},"3":{"start":{"line":8,"column":16},"end":{"line":8,"column":37}},"4":{"start":{"line":9,"column":4},"end":{"line":9,"column":15}},"5":{"start":{"line":12,"column":0},"end":{"line":16,"column":1}},"6":{"start":{"line":13,"column":16},"end":{"line":13,"column":42}},"7":{"start":{"line":15,"column":4},"end":{"line":15,"column":15}},"8":{"start":{"line":18,"column":0},"end":{"line":21,"column":1}},"9":{"start":{"line":19,"column":16},"end":{"line":19,"column":39}},"10":{"start":{"line":20,"column":4},"end":{"line":20,"column":15}},"11":{"start":{"line":23,"column":0},"end":{"line":34,"column":1}},"12":{"start":{"line":25,"column":4},"end":{"line":33,"column":7}},"13":{"start":{"line":37,"column":0},"end":{"line":44,"column":1}},"14":{"start":{"line":38,"column":16},"end":{"line":42,"column":6}},"15":{"start":{"line":43,"column":4},"end":{"line":43,"column":15}}},"fnMap":{"0":{"name":"(anonymous_0)","decl":{"start":{"line":6,"column":17},"end":{"line":6,"column":18}},"loc":{"start":{"line":6,"column":34},"end":{"line":10,"column":1}},"line":6},"1":{"name":"(anonymous_1)","decl":{"start":{"line":12,"column":18},"end":{"line":12,"column":19}},"loc":{"start":{"line":12,"column":32},"end":{"line":16,"column":1}},"line":12},"2":{"name":"(anonymous_2)","decl":{"start":{"line":18,"column":17},"end":{"line":18,"column":18}},"loc":{"start":{"line":18,"column":29},"end":{"line":21,"column":1}},"line":18},"3":{"name":"(anonymous_3)","decl":{"start":{"line":23,"column":14},"end":{"line":23,"column":15}},"loc":{"start":{"line":23,"column":34},"end":{"line":34,"column":1}},"line":23},"4":{"name":"(anonymous_4)","decl":{"start":{"line":37,"column":17},"end":{"line":37,"column":18}},"loc":{"start":{"line":37,"column":31},"end":{"line":44,"column":1}},"line":37}},"branchMap":{},"s":{"0":1,"1":1,"2":1,"3":0,"4":0,"5":1,"6":0,"7":0,"8":1,"9":0,"10":0,"11":1,"12":0,"13":1,"14":0,"15":0},"f":{"0":0,"1":0,"2":0,"3":0,"4":0},"b":{},"_coverageSchema":"43e27e138ebf9cfc5966b082cf9a028302ed4184","hash":"fd5b150725f97625724e68725df20fedd13cb3c4"}
,"C:\\Users\\sato_\\Desktop\\promo\\src\\route\\cliente.route.js": {"path":"C:\\Users\\sato_\\Desktop\\promo\\src\\route\\cliente.route.js","statementMap":{"0":{"start":{"line":1,"column":0},"end":{"line":19,"column":1}},"1":{"start":{"line":3,"column":23},"end":{"line":3,"column":66}},"2":{"start":{"line":6,"column":4},"end":{"line":6,"column":48}},"3":{"start":{"line":8,"column":4},"end":{"line":8,"column":58}},"4":{"start":{"line":10,"column":4},"end":{"line":10,"column":46}},"5":{"start":{"line":12,"column":4},"end":{"line":12,"column":57}},"6":{"start":{"line":14,"column":4},"end":{"line":14,"column":63}}},"fnMap":{"0":{"name":"(anonymous_0)","decl":{"start":{"line":1,"column":17},"end":{"line":1,"column":18}},"loc":{"start":{"line":1,"column":32},"end":{"line":19,"column":1}},"line":1}},"branchMap":{},"s":{"0":1,"1":1,"2":1,"3":1,"4":1,"5":1,"6":1},"f":{"0":1},"b":{},"_coverageSchema":"43e27e138ebf9cfc5966b082cf9a028302ed4184","hash":"e223171c207c72d649e07d17223f4f42764370ab"}
,"C:\\Users\\sato_\\Desktop\\promo\\src\\route\\cupom.route.js": {"path":"C:\\Users\\sato_\\Desktop\\promo\\src\\route\\cupom.route.js","statementMap":{"0":{"start":{"line":1,"column":0},"end":{"line":19,"column":1}},"1":{"start":{"line":3,"column":23},"end":{"line":3,"column":64}},"2":{"start":{"line":6,"column":4},"end":{"line":6,"column":46}},"3":{"start":{"line":8,"column":4},"end":{"line":8,"column":65}},"4":{"start":{"line":10,"column":4},"end":{"line":10,"column":44}},"5":{"start":{"line":12,"column":4},"end":{"line":12,"column":55}},"6":{"start":{"line":14,"column":4},"end":{"line":14,"column":61}}},"fnMap":{"0":{"name":"(anonymous_0)","decl":{"start":{"line":1,"column":17},"end":{"line":1,"column":18}},"loc":{"start":{"line":1,"column":32},"end":{"line":19,"column":1}},"line":1}},"branchMap":{},"s":{"0":1,"1":1,"2":1,"3":1,"4":1,"5":1,"6":1},"f":{"0":1},"b":{},"_coverageSchema":"43e27e138ebf9cfc5966b082cf9a028302ed4184","hash":"983674ef17be4c9b5bfcb08b5e9b66efee7a4870"}
,"C:\\Users\\sato_\\Desktop\\promo\\src\\route\\empresa.route.js": {"path":"C:\\Users\\sato_\\Desktop\\promo\\src\\route\\empresa.route.js","statementMap":{"0":{"start":{"line":1,"column":0},"end":{"line":19,"column":1}},"1":{"start":{"line":3,"column":23},"end":{"line":3,"column":66}},"2":{"start":{"line":6,"column":4},"end":{"line":6,"column":48}},"3":{"start":{"line":8,"column":4},"end":{"line":8,"column":58}},"4":{"start":{"line":10,"column":4},"end":{"line":10,"column":46}},"5":{"start":{"line":12,"column":4},"end":{"line":12,"column":57}},"6":{"start":{"line":14,"column":4},"end":{"line":14,"column":63}}},"fnMap":{"0":{"name":"(anonymous_0)","decl":{"start":{"line":1,"column":17},"end":{"line":1,"column":18}},"loc":{"start":{"line":1,"column":32},"end":{"line":19,"column":1}},"line":1}},"branchMap":{},"s":{"0":1,"1":1,"2":1,"3":1,"4":1,"5":1,"6":1},"f":{"0":1},"b":{},"_coverageSchema":"43e27e138ebf9cfc5966b082cf9a028302ed4184","hash":"b81fe09f72dfcb5eecadd19e4132aedf2d38477d"}
,"C:\\Users\\sato_\\Desktop\\promo\\src\\route\\promocao.route.js": {"path":"C:\\Users\\sato_\\Desktop\\promo\\src\\route\\promocao.route.js","statementMap":{"0":{"start":{"line":1,"column":0},"end":{"line":19,"column":1}},"1":{"start":{"line":3,"column":23},"end":{"line":3,"column":67}},"2":{"start":{"line":6,"column":4},"end":{"line":6,"column":49}},"3":{"start":{"line":8,"column":4},"end":{"line":8,"column":60}},"4":{"start":{"line":10,"column":4},"end":{"line":10,"column":47}},"5":{"start":{"line":12,"column":4},"end":{"line":12,"column":58}},"6":{"start":{"line":14,"column":4},"end":{"line":14,"column":64}}},"fnMap":{"0":{"name":"(anonymous_0)","decl":{"start":{"line":1,"column":17},"end":{"line":1,"column":18}},"loc":{"start":{"line":1,"column":32},"end":{"line":19,"column":1}},"line":1}},"branchMap":{},"s":{"0":1,"1":1,"2":1,"3":1,"4":1,"5":1,"6":1},"f":{"0":1},"b":{},"_coverageSchema":"43e27e138ebf9cfc5966b082cf9a028302ed4184","hash":"ac690c3d58d26f35679cbba46617cdf3068c705f"}
,"C:\\Users\\sato_\\Desktop\\promo\\src\\route\\segmento.route.js": {"path":"C:\\Users\\sato_\\Desktop\\promo\\src\\route\\segmento.route.js","statementMap":{"0":{"start":{"line":1,"column":0},"end":{"line":19,"column":1}},"1":{"start":{"line":3,"column":23},"end":{"line":3,"column":67}},"2":{"start":{"line":6,"column":4},"end":{"line":6,"column":49}},"3":{"start":{"line":8,"column":4},"end":{"line":8,"column":60}},"4":{"start":{"line":10,"column":4},"end":{"line":10,"column":47}},"5":{"start":{"line":12,"column":4},"end":{"line":12,"column":58}},"6":{"start":{"line":14,"column":4},"end":{"line":14,"column":64}}},"fnMap":{"0":{"name":"(anonymous_0)","decl":{"start":{"line":1,"column":17},"end":{"line":1,"column":18}},"loc":{"start":{"line":1,"column":32},"end":{"line":19,"column":1}},"line":1}},"branchMap":{},"s":{"0":1,"1":1,"2":1,"3":1,"4":1,"5":1,"6":1},"f":{"0":1},"b":{},"_coverageSchema":"43e27e138ebf9cfc5966b082cf9a028302ed4184","hash":"2929c637e0c0da4cf3b874e5d629e73a2a9a6237"}
,"C:\\Users\\sato_\\Desktop\\promo\\src\\route\\usuario.route.js": {"path":"C:\\Users\\sato_\\Desktop\\promo\\src\\route\\usuario.route.js","statementMap":{"0":{"start":{"line":1,"column":0},"end":{"line":19,"column":1}},"1":{"start":{"line":3,"column":23},"end":{"line":3,"column":66}},"2":{"start":{"line":6,"column":4},"end":{"line":6,"column":48}},"3":{"start":{"line":8,"column":4},"end":{"line":8,"column":58}},"4":{"start":{"line":10,"column":4},"end":{"line":10,"column":46}},"5":{"start":{"line":12,"column":4},"end":{"line":12,"column":57}},"6":{"start":{"line":14,"column":4},"end":{"line":14,"column":63}}},"fnMap":{"0":{"name":"(anonymous_0)","decl":{"start":{"line":1,"column":17},"end":{"line":1,"column":18}},"loc":{"start":{"line":1,"column":32},"end":{"line":19,"column":1}},"line":1}},"branchMap":{},"s":{"0":1,"1":1,"2":1,"3":1,"4":1,"5":1,"6":1},"f":{"0":1},"b":{},"_coverageSchema":"43e27e138ebf9cfc5966b082cf9a028302ed4184","hash":"95085534f0e9dd819c69e67baea2e62b5c3267a4"}
}
