TN:
SF:C:\Users\sato_\Desktop\promo\server.js
FN:35,(anonymous_0)
FNF:1
FNH:0
FNDA:0,(anonymous_0)
DA:1,1
DA:2,1
DA:3,1
DA:4,1
DA:5,1
DA:6,1
DA:9,1
DA:10,1
DA:13,1
DA:26,1
DA:27,1
DA:28,1
DA:29,1
DA:30,1
DA:31,1
DA:35,1
DA:37,0
DA:38,0
DA:40,0
DA:44,1
LF:20
LH:17
BRF:0
BRH:0
end_of_record
TN:
SF:C:\Users\sato_\Desktop\promo\src\app\model\cliente.model.js
FN:1,(anonymous_0)
FNF:1
FNH:1
FNDA:1,(anonymous_0)
DA:1,1
DA:2,1
DA:38,1
LF:3
LH:3
BRF:0
BRH:0
end_of_record
TN:
SF:C:\Users\sato_\Desktop\promo\src\app\model\cupom.model.js
FN:1,(anonymous_0)
FNF:1
FNH:1
FNDA:1,(anonymous_0)
DA:1,1
DA:2,1
DA:39,1
LF:3
LH:3
BRF:0
BRH:0
end_of_record
TN:
SF:C:\Users\sato_\Desktop\promo\src\app\model\empresa.model.js
FN:1,(anonymous_0)
FNF:1
FNH:1
FNDA:1,(anonymous_0)
DA:1,1
DA:2,1
DA:56,1
LF:3
LH:3
BRF:0
BRH:0
end_of_record
TN:
SF:C:\Users\sato_\Desktop\promo\src\app\model\promocao.model.js
FN:1,(anonymous_0)
FNF:1
FNH:1
FNDA:1,(anonymous_0)
DA:1,1
DA:2,1
DA:43,1
LF:3
LH:3
BRF:0
BRH:0
end_of_record
TN:
SF:C:\Users\sato_\Desktop\promo\src\app\model\segmento.model.js
FN:1,(anonymous_0)
FNF:1
FNH:1
FNDA:1,(anonymous_0)
DA:1,1
DA:2,1
DA:17,1
LF:3
LH:3
BRF:0
BRH:0
end_of_record
TN:
SF:C:\Users\sato_\Desktop\promo\src\app\model\usuario.model.js
FN:1,(anonymous_0)
FNF:1
FNH:1
FNDA:1,(anonymous_0)
DA:1,1
DA:2,1
DA:31,1
LF:3
LH:3
BRF:0
BRH:0
end_of_record
TN:
SF:C:\Users\sato_\Desktop\promo\src\config\db.config.js
FNF:0
FNH:0
DA:1,1
DA:3,1
DA:4,1
DA:20,1
DA:22,1
DA:23,1
DA:28,1
DA:29,1
DA:30,1
DA:31,1
DA:32,1
DA:33,1
DA:36,1
DA:37,1
DA:38,1
DA:40,1
LF:16
LH:16
BRF:0
BRH:0
end_of_record
TN:
SF:C:\Users\sato_\Desktop\promo\src\config\env.js
FNF:0
FNH:0
DA:1,1
DA:21,1
LF:2
LH:2
BRF:0
BRH:0
end_of_record
TN:
SF:C:\Users\sato_\Desktop\promo\src\controller\cliente.controller.js
FN:5,(anonymous_0)
FN:28,(anonymous_1)
FN:51,(anonymous_2)
FN:66,(anonymous_3)
FN:81,(anonymous_4)
FNF:5
FNH:0
FNDA:0,(anonymous_0)
FNDA:0,(anonymous_1)
FNDA:0,(anonymous_2)
FNDA:0,(anonymous_3)
FNDA:0,(anonymous_4)
DA:2,1
DA:5,1
DA:6,0
DA:7,0
DA:17,0
DA:21,0
DA:22,0
DA:28,1
DA:29,0
DA:31,0
DA:32,0
DA:33,0
DA:34,0
DA:38,0
DA:44,0
DA:51,1
DA:52,0
DA:53,0
DA:54,0
DA:59,0
DA:66,1
DA:67,0
DA:68,0
DA:69,0
DA:70,0
DA:75,0
DA:81,1
LF:27
LH:6
BRDA:33,0,0,0
BRDA:33,0,1,0
BRF:2
BRH:0
end_of_record
TN:
SF:C:\Users\sato_\Desktop\promo\src\controller\cupom.controller.js
FN:5,(anonymous_0)
FN:32,(anonymous_1)
FN:55,(anonymous_2)
FN:70,(anonymous_3)
FN:85,(anonymous_4)
FNF:5
FNH:0
FNDA:0,(anonymous_0)
FNDA:0,(anonymous_1)
FNDA:0,(anonymous_2)
FNDA:0,(anonymous_3)
FNDA:0,(anonymous_4)
DA:2,1
DA:5,1
DA:6,0
DA:7,0
DA:8,0
DA:9,0
DA:12,0
DA:21,0
DA:25,0
DA:26,0
DA:32,1
DA:33,0
DA:35,0
DA:36,0
DA:37,0
DA:38,0
DA:42,0
DA:48,0
DA:55,1
DA:56,0
DA:57,0
DA:58,0
DA:63,0
DA:70,1
DA:71,0
DA:72,0
DA:73,0
DA:74,0
DA:79,0
DA:85,1
DA:86,0
DA:87,0
DA:88,0
DA:89,0
DA:93,0
LF:35
LH:6
BRDA:37,0,0,0
BRDA:37,0,1,0
BRF:2
BRH:0
end_of_record
TN:
SF:C:\Users\sato_\Desktop\promo\src\controller\empresa.controller.js
FN:5,(anonymous_0)
FN:34,(anonymous_1)
FN:57,(anonymous_2)
FN:72,(anonymous_3)
FN:87,(anonymous_4)
FNF:5
FNH:0
FNDA:0,(anonymous_0)
FNDA:0,(anonymous_1)
FNDA:0,(anonymous_2)
FNDA:0,(anonymous_3)
FNDA:0,(anonymous_4)
DA:2,1
DA:5,1
DA:6,0
DA:7,0
DA:23,0
DA:27,0
DA:28,0
DA:34,1
DA:35,0
DA:37,0
DA:38,0
DA:39,0
DA:40,0
DA:44,0
DA:50,0
DA:57,1
DA:58,0
DA:59,0
DA:60,0
DA:65,0
DA:72,1
DA:73,0
DA:74,0
DA:75,0
DA:76,0
DA:81,0
DA:87,1
DA:88,0
DA:89,0
DA:90,0
DA:91,0
DA:95,0
LF:32
LH:6
BRDA:39,0,0,0
BRDA:39,0,1,0
BRF:2
BRH:0
end_of_record
TN:
SF:C:\Users\sato_\Desktop\promo\src\controller\promocao.controller.js
FN:5,(anonymous_0)
FN:30,(anonymous_1)
FN:53,(anonymous_2)
FN:68,(anonymous_3)
FN:85,(anonymous_4)
FNF:5
FNH:0
FNDA:0,(anonymous_0)
FNDA:0,(anonymous_1)
FNDA:0,(anonymous_2)
FNDA:0,(anonymous_3)
FNDA:0,(anonymous_4)
DA:2,1
DA:5,1
DA:6,0
DA:7,0
DA:19,0
DA:23,0
DA:24,0
DA:30,1
DA:31,0
DA:33,0
DA:34,0
DA:35,0
DA:36,0
DA:40,0
DA:46,0
DA:53,1
DA:54,0
DA:55,0
DA:56,0
DA:61,0
DA:68,1
DA:69,0
DA:70,0
DA:71,0
DA:72,0
DA:73,0
DA:79,0
DA:85,1
DA:86,0
DA:87,0
DA:88,0
DA:89,0
DA:93,0
LF:33
LH:6
BRDA:35,0,0,0
BRDA:35,0,1,0
BRF:2
BRH:0
end_of_record
TN:
SF:C:\Users\sato_\Desktop\promo\src\controller\segmento.controller.js
FN:5,(anonymous_0)
FN:22,(anonymous_1)
FN:45,(anonymous_2)
FN:60,(anonymous_3)
FN:75,(anonymous_4)
FNF:5
FNH:0
FNDA:0,(anonymous_0)
FNDA:0,(anonymous_1)
FNDA:0,(anonymous_2)
FNDA:0,(anonymous_3)
FNDA:0,(anonymous_4)
DA:2,1
DA:5,1
DA:6,0
DA:7,0
DA:11,0
DA:15,0
DA:16,0
DA:22,1
DA:23,0
DA:25,0
DA:26,0
DA:27,0
DA:28,0
DA:32,0
DA:38,0
DA:45,1
DA:46,0
DA:47,0
DA:48,0
DA:53,0
DA:60,1
DA:61,0
DA:62,0
DA:63,0
DA:64,0
DA:69,0
DA:75,1
DA:76,0
DA:77,0
DA:78,0
DA:79,0
DA:83,0
LF:32
LH:6
BRDA:27,0,0,0
BRDA:27,0,1,0
BRF:2
BRH:0
end_of_record
TN:
SF:C:\Users\sato_\Desktop\promo\src\controller\usuario.controller.js
FN:5,(anonymous_0)
FN:25,(anonymous_1)
FN:48,(anonymous_2)
FN:63,(anonymous_3)
FN:78,(anonymous_4)
FNF:5
FNH:0
FNDA:0,(anonymous_0)
FNDA:0,(anonymous_1)
FNDA:0,(anonymous_2)
FNDA:0,(anonymous_3)
FNDA:0,(anonymous_4)
DA:2,1
DA:5,1
DA:6,0
DA:7,0
DA:14,0
DA:18,0
DA:19,0
DA:25,1
DA:26,0
DA:28,0
DA:29,0
DA:30,0
DA:31,0
DA:35,0
DA:41,0
DA:48,1
DA:49,0
DA:50,0
DA:51,0
DA:56,0
DA:63,1
DA:64,0
DA:65,0
DA:66,0
DA:67,0
DA:72,0
DA:78,1
DA:79,0
DA:80,0
DA:81,0
DA:82,0
DA:83,0
DA:88,0
DA:90,0
DA:97,0
LF:35
LH:6
BRDA:30,0,0,0
BRDA:30,0,1,0
BRDA:82,1,0,0
BRDA:82,1,1,0
BRF:4
BRH:0
end_of_record
TN:
SF:C:\Users\sato_\Desktop\promo\src\repositories\cliente.repository.js
FN:7,(anonymous_0)
FN:12,(anonymous_1)
FN:17,(anonymous_2)
FN:23,(anonymous_3)
FN:38,(anonymous_4)
FN:54,(anonymous_5)
FNF:6
FNH:0
FNDA:0,(anonymous_0)
FNDA:0,(anonymous_1)
FNDA:0,(anonymous_2)
FNDA:0,(anonymous_3)
FNDA:0,(anonymous_4)
FNDA:0,(anonymous_5)
DA:1,1
DA:2,1
DA:3,1
DA:7,1
DA:9,0
DA:12,1
DA:13,0
DA:14,0
DA:17,1
DA:18,0
DA:19,0
DA:23,1
DA:24,0
DA:38,1
DA:40,0
DA:54,1
DA:55,0
LF:17
LH:9
BRF:0
BRH:0
end_of_record
TN:
SF:C:\Users\sato_\Desktop\promo\src\repositories\cupom.repository.js
FN:9,(anonymous_0)
FN:14,(anonymous_1)
FN:23,(anonymous_2)
FN:45,(anonymous_3)
FN:64,(anonymous_4)
FN:80,(anonymous_5)
FNF:6
FNH:0
FNDA:0,(anonymous_0)
FNDA:0,(anonymous_1)
FNDA:0,(anonymous_2)
FNDA:0,(anonymous_3)
FNDA:0,(anonymous_4)
FNDA:0,(anonymous_5)
DA:1,1
DA:2,1
DA:3,1
DA:4,1
DA:5,1
DA:9,1
DA:11,0
DA:14,1
DA:15,0
DA:20,0
DA:23,1
DA:24,0
DA:42,0
DA:45,1
DA:46,0
DA:61,0
DA:64,1
DA:66,0
DA:80,1
DA:81,0
LF:20
LH:11
BRF:0
BRH:0
end_of_record
TN:
SF:C:\Users\sato_\Desktop\promo\src\repositories\empresa.repository.js
FN:6,(anonymous_0)
FN:11,(anonymous_1)
FN:17,(anonymous_2)
FN:23,(anonymous_3)
FN:44,(anonymous_4)
FNF:5
FNH:0
FNDA:0,(anonymous_0)
FNDA:0,(anonymous_1)
FNDA:0,(anonymous_2)
FNDA:0,(anonymous_3)
FNDA:0,(anonymous_4)
DA:1,1
DA:2,1
DA:6,1
DA:8,0
DA:11,1
DA:12,0
DA:13,0
DA:17,1
DA:18,0
DA:19,0
DA:23,1
DA:25,0
DA:44,1
DA:45,0
LF:14
LH:7
BRF:0
BRH:0
end_of_record
TN:
SF:C:\Users\sato_\Desktop\promo\src\repositories\promocao.repository.js
FN:6,(anonymous_0)
FN:11,(anonymous_1)
FN:16,(anonymous_2)
FN:21,(anonymous_3)
FN:40,(anonymous_4)
FNF:5
FNH:0
FNDA:0,(anonymous_0)
FNDA:0,(anonymous_1)
FNDA:0,(anonymous_2)
FNDA:0,(anonymous_3)
FNDA:0,(anonymous_4)
DA:1,1
DA:2,1
DA:6,1
DA:7,0
DA:8,0
DA:11,1
DA:12,0
DA:13,0
DA:16,1
DA:17,0
DA:18,0
DA:21,1
DA:23,0
DA:37,0
DA:40,1
DA:41,0
LF:16
LH:7
BRF:0
BRH:0
end_of_record
TN:
SF:C:\Users\sato_\Desktop\promo\src\repositories\segmento.repository.js
FN:6,(anonymous_0)
FN:11,(anonymous_1)
FN:16,(anonymous_2)
FN:21,(anonymous_3)
FN:30,(anonymous_4)
FNF:5
FNH:0
FNDA:0,(anonymous_0)
FNDA:0,(anonymous_1)
FNDA:0,(anonymous_2)
FNDA:0,(anonymous_3)
FNDA:0,(anonymous_4)
DA:1,1
DA:2,1
DA:6,1
DA:8,0
DA:11,1
DA:12,0
DA:13,0
DA:16,1
DA:17,0
DA:18,0
DA:21,1
DA:23,0
DA:30,1
DA:31,0
LF:14
LH:7
BRF:0
BRH:0
end_of_record
TN:
SF:C:\Users\sato_\Desktop\promo\src\repositories\usuario.repository.js
FN:6,(anonymous_0)
FN:12,(anonymous_1)
FN:18,(anonymous_2)
FN:23,(anonymous_3)
FN:37,(anonymous_4)
FNF:5
FNH:0
FNDA:0,(anonymous_0)
FNDA:0,(anonymous_1)
FNDA:0,(anonymous_2)
FNDA:0,(anonymous_3)
FNDA:0,(anonymous_4)
DA:1,1
DA:2,1
DA:6,1
DA:8,0
DA:9,0
DA:12,1
DA:13,0
DA:15,0
DA:18,1
DA:19,0
DA:20,0
DA:23,1
DA:25,0
DA:37,1
DA:38,0
DA:43,0
LF:16
LH:7
BRF:0
BRH:0
end_of_record
TN:
SF:C:\Users\sato_\Desktop\promo\src\route\cliente.route.js
FN:1,(anonymous_0)
FNF:1
FNH:1
FNDA:1,(anonymous_0)
DA:1,1
DA:3,1
DA:6,1
DA:8,1
DA:10,1
DA:12,1
DA:14,1
LF:7
LH:7
BRF:0
BRH:0
end_of_record
TN:
SF:C:\Users\sato_\Desktop\promo\src\route\cupom.route.js
FN:1,(anonymous_0)
FNF:1
FNH:1
FNDA:1,(anonymous_0)
DA:1,1
DA:3,1
DA:6,1
DA:8,1
DA:10,1
DA:12,1
DA:14,1
LF:7
LH:7
BRF:0
BRH:0
end_of_record
TN:
SF:C:\Users\sato_\Desktop\promo\src\route\empresa.route.js
FN:1,(anonymous_0)
FNF:1
FNH:1
FNDA:1,(anonymous_0)
DA:1,1
DA:3,1
DA:6,1
DA:8,1
DA:10,1
DA:12,1
DA:14,1
LF:7
LH:7
BRF:0
BRH:0
end_of_record
TN:
SF:C:\Users\sato_\Desktop\promo\src\route\promocao.route.js
FN:1,(anonymous_0)
FNF:1
FNH:1
FNDA:1,(anonymous_0)
DA:1,1
DA:3,1
DA:6,1
DA:8,1
DA:10,1
DA:12,1
DA:14,1
LF:7
LH:7
BRF:0
BRH:0
end_of_record
TN:
SF:C:\Users\sato_\Desktop\promo\src\route\segmento.route.js
FN:1,(anonymous_0)
FNF:1
FNH:1
FNDA:1,(anonymous_0)
DA:1,1
DA:3,1
DA:6,1
DA:8,1
DA:10,1
DA:12,1
DA:14,1
LF:7
LH:7
BRF:0
BRH:0
end_of_record
TN:
SF:C:\Users\sato_\Desktop\promo\src\route\usuario.route.js
FN:1,(anonymous_0)
FNF:1
FNH:1
FNDA:1,(anonymous_0)
DA:1,1
DA:3,1
DA:6,1
DA:8,1
DA:10,1
DA:12,1
DA:14,1
LF:7
LH:7
BRF:0
BRH:0
end_of_record
